[2016-11-16 11:46:52] START
[2016-11-29 01:39:45] EDIT unwatercamera/controllers/default.py: 2
[2016-11-29 01:41:02] CREATE MacroTutorials.html: 0
[2016-11-29 01:42:01] EDIT unwatercamera/views/MacroTutorials.html: 38
[2016-11-29 01:45:13] EDIT unwatercamera/controllers/default.py: -2
[2016-11-29 01:47:18] EDIT unwatercamera/views/default/MacroTutorials.html: 39
[2016-11-29 01:47:51] EDIT unwatercamera/views/default/MacroTutorials.html: 0
[2016-11-29 01:49:48] EDIT unwatercamera/views/default/MacroTutorials.html: 14
[2016-11-29 01:50:57] EDIT unwatercamera/views/default/MacroTutorials.html: 2
[2016-11-29 01:51:31] EDIT unwatercamera/views/default/MacroTutorials.html: 2
[2016-11-29 01:51:47] EDIT unwatercamera/views/default/index.html: 0
[2016-11-29 01:53:17] EDIT unwatercamera/views/default/WideAngleTutorials.html: 4
[2016-11-29 02:02:55] EDIT unwatercamera/controllers/default.py: 6
[2016-11-29 02:03:38] EDIT unwatercamera/controllers/default.py: 0
[2016-11-29 02:04:41] EDIT unwatercamera/views/default/contact.html: 4
[2016-11-29 02:11:33] EDIT unwatercamera/controllers/default.py: -1
[2016-11-29 02:12:10] EDIT unwatercamera/controllers/default.py: 0
[2016-11-29 02:16:51] EDIT unwatercamera/controllers/default.py: 1
[2016-11-29 02:18:46] EDIT unwatercamera/controllers/default.py: -1
[2016-11-29 02:19:05] EDIT unwatercamera/views/default/contact.html: 0
[2016-11-29 02:19:34] EDIT unwatercamera/controllers/default.py: 0
[2016-11-29 02:21:11] EDIT unwatercamera/controllers/default.py: 1
[2016-11-29 02:29:34] EDIT unwatercamera/views/default/contact.html: 0
[2016-11-29 02:29:49] EDIT unwatercamera/controllers/default.py: -1
[2016-11-29 02:30:10] EDIT unwatercamera/controllers/default.py: 0
[2016-11-29 02:32:55] EDIT unwatercamera/views/default/MacroTutorials.html: 0
[2016-11-29 02:47:19] EDIT unwatercamera/views/default/MacroTutorials.html: 0
[2016-11-29 02:48:33] EDIT unwatercamera/views/default/UnderwaterCameras.html: 0
[2016-11-29 02:49:24] EDIT unwatercamera/views/default/UnderwaterLenses.html: 3
[2016-11-29 02:49:54] EDIT unwatercamera/views/default/WideAngleTutorials.html: 0
[2016-11-29 02:50:43] EDIT unwatercamera/views/default/about.html: 0
[2016-11-29 02:51:44] EDIT unwatercamera/controllers/default.py: -4
[2016-11-29 02:52:24] EDIT unwatercamera/views/default/UnderwaterCameras.html: 0
[2016-11-29 15:33:37] DELETE unwatercamera/views/default/index1.html: -49
[2016-11-29 15:33:43] DELETE unwatercamera/views/default/index3.html: -19
[2016-11-29 15:38:27] CREATE header.html: 0
[2016-11-29 15:39:30] EDIT unwatercamera/views/header.html: 71
[2016-11-29 15:40:16] EDIT unwatercamera/views/layout.html: -41
[2016-11-29 15:41:16] EDIT unwatercamera/views/layout.html: -36
[2016-11-29 15:41:31] EDIT unwatercamera/views/header.html: 0
[2016-11-29 15:42:10] EDIT unwatercamera/views/header.html: -1
[2016-11-29 15:42:42] EDIT unwatercamera/views/header.html: 1
[2016-11-29 15:42:49] EDIT unwatercamera/views/layout.html: -1
[2016-11-29 15:50:43] EDIT unwatercamera/views/header.html: 1
[2016-11-29 16:04:08] CREATE sidebar.html: 0
[2016-11-29 16:05:01] EDIT unwatercamera/views/sidebar.html: 11
[2016-11-29 16:05:44] CREATE features.html: 0
[2016-11-29 16:06:09] EDIT unwatercamera/views/features.html: 11
[2016-11-29 16:09:42] EDIT unwatercamera/views/layout.html: -10
[2016-11-29 16:10:45] EDIT unwatercamera/views/layout.html: 0
[2016-11-29 16:11:28] EDIT unwatercamera/views/layout.html: 0
[2016-11-29 16:12:14] EDIT unwatercamera/views/layout.html: 0
[2016-11-29 16:13:38] CREATE popular.html_: 0
[2016-11-29 16:13:51] DELETE unwatercamera/views/popular.html_: 0
[2016-11-29 16:14:02] CREATE popular.html: 0
[2016-11-29 16:15:43] EDIT unwatercamera/views/layout.html: -79
[2016-11-29 16:15:56] EDIT unwatercamera/views/layout.html: 1
[2016-11-29 16:18:50] EDIT unwatercamera/views/layout.html: 2
[2016-11-29 16:43:32] EDIT unwatercamera/views/layout.html: 0
[2016-11-29 16:44:13] EDIT unwatercamera/views/layout.html: 0
[2016-11-29 16:46:59] EDIT unwatercamera/views/popular.html: 82
[2016-11-29 16:48:12] EDIT unwatercamera/views/layout.html: 0
[2016-11-29 16:49:55] EDIT unwatercamera/views/layout.html: 0
[2016-11-29 16:50:42] EDIT unwatercamera/views/layout.html: 0
[2016-11-29 16:53:09] EDIT unwatercamera/views/default/index.html: -37
[2016-11-29 16:58:47] EDIT unwatercamera/views/layout.html: 2
[2016-11-29 16:58:59] EDIT unwatercamera/views/features.html: -2
[2016-11-29 17:03:11] EDIT unwatercamera/views/default/index.html: -41
[2016-11-29 17:04:32] EDIT unwatercamera/views/default/index.html: 41
[2016-11-29 17:08:09] EDIT unwatercamera/views/default/index.html: -83
[2016-11-29 17:09:10] EDIT unwatercamera/views/default/index.html: -34
[2016-11-29 17:11:25] EDIT unwatercamera/views/default/index.html: 4
[2016-11-29 17:11:33] EDIT unwatercamera/views/default/index.html: -1
[2016-11-29 17:20:46] EDIT unwatercamera/controllers/default.py: 5
[2016-11-29 17:20:54] EDIT unwatercamera/controllers/default.py: 0
[2016-11-29 17:21:15] EDIT unwatercamera/controllers/default.py: 0
[2016-11-29 17:21:22] EDIT unwatercamera/controllers/default.py: 0
[2016-11-29 17:21:26] EDIT unwatercamera/controllers/default.py: 0
[2016-11-29 17:24:31] EDIT unwatercamera/controllers/default.py: 0
[2016-11-29 17:24:54] EDIT unwatercamera/controllers/default.py: 0
[2016-11-29 17:26:28] EDIT unwatercamera/controllers/default.py: 0
[2016-11-29 17:28:52] CREATE comment.html: 0
[2016-11-29 17:30:21] EDIT unwatercamera/views/layout.html: -63
[2016-11-29 17:35:26] EDIT unwatercamera/views/layout.html: 0
[2016-11-29 17:36:50] EDIT unwatercamera/views/layout.html: 0
[2016-11-29 17:38:21] EDIT unwatercamera/views/default/index.html: 0
[2016-11-29 17:42:11] EDIT unwatercamera/views/layout.html: 0
[2016-11-29 17:43:02] EDIT unwatercamera/views/default/index.html: 0
[2016-11-29 17:43:37] EDIT unwatercamera/views/layout.html: 0
[2016-11-29 17:44:33] EDIT unwatercamera/views/features.html: 0
[2016-11-29 17:52:00] EDIT unwatercamera/views/comment.html: 64
[2016-11-29 17:52:03] EDIT unwatercamera/views/comment.html: 0
[2016-11-29 17:52:24] EDIT unwatercamera/views/comment.html: 0
[2016-11-29 17:52:24] EDIT unwatercamera/views/comment.html: 0
[2016-11-29 17:52:24] EDIT unwatercamera/views/comment.html: 0
[2016-11-29 17:52:24] EDIT unwatercamera/views/comment.html: 0
[2016-11-29 17:52:25] EDIT unwatercamera/views/comment.html: 0
[2016-11-29 17:55:30] EDIT unwatercamera/controllers/default.py: 0
[2016-11-29 17:58:22] EDIT unwatercamera/controllers/default.py: -4
[2016-11-29 17:58:30] EDIT unwatercamera/controllers/default.py: -1
[2016-11-29 18:01:23] EDIT unwatercamera/views/features.html: 0
[2016-11-29 18:02:08] EDIT unwatercamera/views/features.html: 0
[2016-11-29 18:09:12] EDIT unwatercamera/views/features.html: 0
[2016-11-29 18:10:04] EDIT unwatercamera/views/features.html: 0
[2016-11-29 18:12:21] EDIT unwatercamera/views/popular.html: 0
[2016-11-29 18:13:37] EDIT unwatercamera/views/popular.html: 0
[2016-11-29 18:20:09] EDIT unwatercamera/controllers/default.py: 0
[2016-11-29 18:20:30] EDIT unwatercamera/views/default/about.html: -1
[2016-11-29 18:21:29] EDIT unwatercamera/views/default/about.html: 1
[2016-11-29 18:22:06] EDIT unwatercamera/views/default/about.html: 0
[2016-11-29 18:22:07] EDIT unwatercamera/views/default/about.html: 0
[2016-11-29 18:22:42] EDIT unwatercamera/views/default/about.html: 0
[2016-11-29 18:23:07] EDIT unwatercamera/views/default/about.html: 0
[2016-11-29 18:23:08] EDIT unwatercamera/views/default/about.html: 0
[2016-11-29 18:23:09] EDIT unwatercamera/views/default/about.html: 0
[2016-11-29 18:24:25] EDIT unwatercamera/views/header.html: 0
[2016-11-29 18:25:23] EDIT unwatercamera/views/default/about.html: -1
[2016-11-29 18:26:24] EDIT unwatercamera/controllers/default.py: 1
[2016-11-29 18:26:39] EDIT unwatercamera/controllers/default.py: 0
[2016-11-29 18:26:39] EDIT unwatercamera/controllers/default.py: 0
[2016-11-29 18:26:40] EDIT unwatercamera/controllers/default.py: 0
[2016-11-29 18:26:40] EDIT unwatercamera/controllers/default.py: 0
[2016-11-29 18:29:39] EDIT unwatercamera/controllers/default.py: 0
[2016-11-29 18:29:40] EDIT unwatercamera/controllers/default.py: 0
[2016-11-29 18:29:40] EDIT unwatercamera/controllers/default.py: 0
[2016-11-29 18:30:32] EDIT unwatercamera/controllers/default.py: 0
[2016-11-29 18:30:34] EDIT unwatercamera/controllers/default.py: 0
[2016-11-29 18:30:54] EDIT unwatercamera/controllers/default.py: 1
[2016-11-29 18:31:10] EDIT unwatercamera/controllers/default.py: 1
[2016-11-29 18:31:11] EDIT unwatercamera/controllers/default.py: 0
[2016-11-29 18:31:28] EDIT unwatercamera/controllers/default.py: 1
[2016-11-29 18:31:44] EDIT unwatercamera/controllers/default.py: 1
[2016-11-29 18:31:45] EDIT unwatercamera/controllers/default.py: 0
[2016-11-29 18:32:19] EDIT unwatercamera/controllers/default.py: 1
[2016-11-29 18:34:39] EDIT unwatercamera/views/comment.html: 0
[2016-11-29 18:34:54] EDIT unwatercamera/views/comment.html: 0
[2016-11-29 18:34:55] EDIT unwatercamera/views/comment.html: 0
[2016-11-29 18:34:57] EDIT unwatercamera/views/comment.html: 0
[2016-11-29 18:34:57] EDIT unwatercamera/views/comment.html: 0
[2016-11-29 18:35:01] EDIT unwatercamera/views/default/UnderwaterCameras.html: 0
[2016-11-29 18:35:03] EDIT unwatercamera/views/default/single.html: 0
[2016-11-29 18:35:06] EDIT unwatercamera/views/default/about.html: 0
[2016-11-29 18:35:08] EDIT unwatercamera/controllers/default.py: 0
[2016-11-29 18:35:10] EDIT unwatercamera/views/header.html: 0
[2016-11-29 18:35:12] EDIT unwatercamera/views/popular.html: 0
[2016-12-22 16:28:09] EDIT unwatercamera/models/db.py: 27
[2016-12-22 16:35:41] EDIT unwatercamera/models/db.py: 0
[2016-12-22 16:38:35] EDIT unwatercamera/models/db.py: 0
[2016-12-22 16:38:56] EDIT unwatercamera/models/db.py: 0
[2016-12-22 16:40:51] EDIT unwatercamera/models/db.py: 0
[2016-12-22 16:42:26] EDIT unwatercamera/models/db.py: 0
[2016-12-22 16:48:09] EDIT unwatercamera/models/db.py: 6
[2016-12-22 16:53:08] EDIT unwatercamera/models/db.py: 0
[2016-12-22 16:57:31] EDIT unwatercamera/models/db.py: 0
[2016-12-23 22:42:14] EDIT unwatercamera/controllers/default.py: 0
[2016-12-27 23:01:02] EDIT unwatercamera/controllers/default.py: 0
[2016-12-27 23:19:23] EDIT unwatercamera/controllers/default.py: 13
[2016-12-27 23:21:50] EDIT unwatercamera/controllers/post.py: 0
[2016-12-27 23:55:25] EDIT unwatercamera/models/db.py: -5
[2016-12-27 23:58:22] EDIT unwatercamera/controllers/default.py: -1
[2016-12-28 00:41:18] EDIT unwatercamera/models/db.py: 5
[2016-12-28 01:02:22] EDIT unwatercamera/controllers/default.py: 1
[2016-12-28 01:03:20] EDIT unwatercamera/controllers/default.py: 0
[2016-12-28 14:28:26] EDIT unwatercamera/views/default/user.html: -13
[2016-12-28 14:48:09] EDIT unwatercamera/controllers/default.py: -13
[2016-12-28 14:49:47] EDIT unwatercamera/controllers/default.py: 0
[2016-12-28 15:09:53] EDIT unwatercamera/modules/basemodel.py: 0
[2016-12-28 15:33:31] EDIT unwatercamera/modules/datamodel/post.py: 0
[2016-12-28 15:35:43] EDIT unwatercamera/modules/datamodel/post.py: 0
[2016-12-28 15:36:31] EDIT unwatercamera/modules/datamodel/post.py: 0
[2016-12-28 15:36:42] EDIT unwatercamera/modules/datamodel/post.py: 0
[2016-12-28 15:37:03] EDIT unwatercamera/modules/datamodel/post.py: 0
[2016-12-28 15:37:11] EDIT unwatercamera/modules/datamodel/post.py: 0
[2016-12-28 15:37:13] EDIT unwatercamera/modules/datamodel/post.py: 0
[2016-12-28 15:37:22] EDIT unwatercamera/modules/datamodel/post.py: 0
[2016-12-28 15:37:49] EDIT unwatercamera/modules/datamodel/post.py: 0
[2016-12-28 15:38:01] EDIT unwatercamera/modules/datamodel/post.py: 0
[2016-12-28 15:38:12] EDIT unwatercamera/modules/datamodel/post.py: 0
[2016-12-28 15:53:05] EDIT unwatercamera/modules/datamodel/post.py: 0
[2016-12-28 15:53:11] EDIT unwatercamera/modules/datamodel/post.py: 0
[2016-12-28 15:53:12] EDIT unwatercamera/modules/datamodel/post.py: 0
[2016-12-28 15:53:13] EDIT unwatercamera/modules/datamodel/post.py: 0
[2016-12-28 15:53:46] EDIT unwatercamera/modules/datamodel/post.py: 0
[2016-12-28 15:53:46] EDIT unwatercamera/modules/datamodel/post.py: 0
[2016-12-28 15:53:46] EDIT unwatercamera/modules/datamodel/post.py: 0
[2016-12-28 15:53:47] EDIT unwatercamera/modules/datamodel/post.py: 0
[2016-12-28 15:53:47] EDIT unwatercamera/modules/datamodel/post.py: 0
[2016-12-28 15:53:47] EDIT unwatercamera/modules/datamodel/post.py: 0
[2016-12-28 15:55:49] EDIT unwatercamera/modules/datamodel/post.py: 0
[2016-12-28 15:56:34] EDIT unwatercamera/modules/datamodel/post.py: 0
[2016-12-28 15:56:35] EDIT unwatercamera/modules/datamodel/post.py: 0
[2016-12-28 15:56:35] EDIT unwatercamera/modules/datamodel/post.py: 0
[2016-12-28 15:57:06] EDIT unwatercamera/modules/datamodel/post.py: 0
[2016-12-28 15:57:08] EDIT unwatercamera/modules/datamodel/post.py: 0
[2016-12-28 15:57:08] EDIT unwatercamera/modules/datamodel/post.py: 0
[2016-12-28 15:57:46] EDIT unwatercamera/modules/datamodel/post.py: 0
[2016-12-28 15:57:50] EDIT unwatercamera/modules/datamodel/post.py: 0
[2016-12-28 15:57:59] EDIT unwatercamera/modules/datamodel/post.py: 0
[2016-12-28 15:58:04] EDIT unwatercamera/modules/datamodel/post.py: 0
[2016-12-28 15:59:25] EDIT unwatercamera/modules/datamodel/post.py: 0
[2016-12-28 15:59:26] EDIT unwatercamera/modules/datamodel/post.py: 0
[2016-12-28 15:59:26] EDIT unwatercamera/modules/datamodel/post.py: 0
[2016-12-28 16:00:10] EDIT unwatercamera/modules/datamodel/post.py: 0
[2016-12-28 16:01:25] EDIT unwatercamera/controllers/post.py: 0
[2016-12-28 16:01:37] EDIT unwatercamera/modules/handlers/base.py: 0
[2016-12-28 16:01:53] EDIT unwatercamera/modules/handlers/post.py: 0
[2016-12-28 16:02:59] EDIT unwatercamera/modules/handlers/post.py: 0
[2016-12-28 16:03:26] EDIT unwatercamera/modules/handlers/post.py: 0
[2016-12-28 16:03:50] EDIT unwatercamera/modules/handlers/post.py: 0
[2016-12-28 16:03:57] EDIT unwatercamera/modules/handlers/post.py: 0
[2016-12-28 16:03:58] EDIT unwatercamera/modules/handlers/post.py: 0
[2016-12-28 16:03:58] EDIT unwatercamera/modules/handlers/post.py: 0
[2016-12-28 16:04:13] EDIT unwatercamera/modules/handlers/post.py: 0
[2016-12-28 16:04:14] EDIT unwatercamera/modules/handlers/post.py: 0
[2016-12-28 16:04:15] EDIT unwatercamera/modules/handlers/post.py: 0
[2016-12-28 16:04:15] EDIT unwatercamera/modules/handlers/post.py: 0
[2016-12-28 16:04:22] EDIT unwatercamera/modules/handlers/post.py: 0
[2016-12-28 16:04:22] EDIT unwatercamera/modules/handlers/post.py: 0
[2016-12-28 16:04:24] EDIT unwatercamera/modules/handlers/post.py: 0
[2016-12-28 16:04:34] EDIT unwatercamera/modules/handlers/post.py: 0
[2016-12-28 16:04:53] EDIT unwatercamera/modules/handlers/post.py: 0
[2016-12-28 16:04:53] EDIT unwatercamera/modules/handlers/post.py: 0
[2016-12-28 16:05:08] EDIT unwatercamera/modules/handlers/post.py: 0
[2016-12-28 16:05:08] EDIT unwatercamera/modules/handlers/post.py: 0
[2016-12-28 16:05:33] EDIT unwatercamera/modules/handlers/post.py: 0
[2016-12-28 16:05:34] EDIT unwatercamera/modules/handlers/post.py: 0
[2016-12-28 16:05:34] EDIT unwatercamera/modules/handlers/post.py: 0
[2016-12-28 16:05:49] EDIT unwatercamera/modules/handlers/post.py: 0
[2016-12-28 16:06:02] EDIT unwatercamera/modules/handlers/post.py: 0
[2016-12-28 16:06:03] EDIT unwatercamera/modules/handlers/post.py: 0
[2016-12-28 16:06:03] EDIT unwatercamera/modules/handlers/post.py: 0
[2016-12-28 16:06:03] EDIT unwatercamera/modules/handlers/post.py: 0
[2016-12-28 16:06:03] EDIT unwatercamera/modules/handlers/post.py: 0
[2016-12-28 16:06:03] EDIT unwatercamera/modules/handlers/post.py: 0
[2016-12-28 16:06:56] EDIT unwatercamera/modules/handlers/post.py: 0
[2016-12-28 16:06:56] EDIT unwatercamera/modules/handlers/post.py: 0
[2016-12-28 16:06:56] EDIT unwatercamera/modules/handlers/post.py: 0
[2016-12-28 16:06:57] EDIT unwatercamera/modules/handlers/post.py: 0
[2016-12-28 16:07:22] EDIT unwatercamera/modules/handlers/post.py: 0
[2016-12-28 16:07:34] EDIT unwatercamera/modules/handlers/post.py: 0
[2016-12-28 16:07:34] EDIT unwatercamera/modules/handlers/post.py: 0
[2016-12-28 16:07:35] EDIT unwatercamera/modules/handlers/post.py: 0
[2016-12-28 16:07:35] EDIT unwatercamera/modules/handlers/post.py: 0
[2016-12-28 16:07:35] EDIT unwatercamera/modules/handlers/post.py: 0
[2016-12-28 16:07:35] EDIT unwatercamera/modules/handlers/post.py: 0
[2016-12-28 16:07:35] EDIT unwatercamera/modules/handlers/post.py: 0
[2016-12-28 16:08:00] EDIT unwatercamera/modules/handlers/post.py: 0
[2016-12-28 16:08:01] EDIT unwatercamera/modules/handlers/post.py: 0
[2016-12-28 16:08:54] EDIT unwatercamera/modules/handlers/post.py: 0
[2016-12-28 16:08:55] EDIT unwatercamera/modules/handlers/post.py: 0
[2016-12-28 16:14:28] EDIT unwatercamera/modules/datamodel/post.py: 0
[2016-12-28 16:14:33] EDIT unwatercamera/modules/handlers/post.py: 0
[2016-12-28 16:15:33] EDIT unwatercamera/modules/handlers/post.py: 0
[2016-12-28 16:15:51] EDIT unwatercamera/modules/handlers/post.py: 0
[2016-12-28 16:15:51] EDIT unwatercamera/modules/handlers/post.py: 0
[2016-12-28 16:16:02] EDIT unwatercamera/modules/handlers/post.py: 0
[2016-12-28 16:16:02] EDIT unwatercamera/modules/handlers/post.py: 0
[2016-12-28 16:23:07] EDIT unwatercamera/modules/handlers/post.py: 0
[2016-12-28 16:23:18] EDIT unwatercamera/modules/handlers/post.py: 0
[2016-12-28 16:23:24] EDIT unwatercamera/modules/handlers/post.py: 0
[2016-12-28 16:23:32] EDIT unwatercamera/modules/handlers/post.py: 0
[2016-12-28 16:23:33] EDIT unwatercamera/modules/handlers/post.py: 0
[2016-12-28 16:23:33] EDIT unwatercamera/modules/handlers/post.py: 0
[2016-12-28 16:23:34] EDIT unwatercamera/modules/handlers/post.py: 0
[2016-12-28 16:23:34] EDIT unwatercamera/modules/handlers/post.py: 0
[2016-12-28 16:23:48] EDIT unwatercamera/modules/handlers/post.py: 0
[2016-12-28 16:23:49] EDIT unwatercamera/modules/handlers/post.py: 0
[2016-12-28 16:23:49] EDIT unwatercamera/modules/handlers/post.py: 0
[2016-12-28 16:23:49] EDIT unwatercamera/modules/handlers/post.py: 0
[2016-12-28 16:23:50] EDIT unwatercamera/modules/handlers/post.py: 0
[2016-12-28 16:23:50] EDIT unwatercamera/modules/handlers/post.py: 0
[2016-12-28 16:23:50] EDIT unwatercamera/modules/handlers/post.py: 0
[2016-12-28 16:23:50] EDIT unwatercamera/modules/handlers/post.py: 0
[2016-12-28 16:23:54] EDIT unwatercamera/modules/handlers/post.py: 0
[2016-12-28 16:24:08] EDIT unwatercamera/modules/handlers/post.py: 0
[2016-12-28 16:24:15] EDIT unwatercamera/modules/handlers/post.py: 0
[2016-12-28 16:25:45] EDIT unwatercamera/modules/handlers/post.py: 0
[2016-12-28 16:25:55] EDIT unwatercamera/modules/handlers/post.py: 0
[2016-12-28 16:26:21] EDIT unwatercamera/modules/myapp.py: 0
[2016-12-28 16:26:25] EDIT unwatercamera/modules/myapp.py: 0
[2016-12-28 16:26:41] EDIT unwatercamera/modules/handlers/post.py: 0
[2016-12-28 16:27:19] EDIT unwatercamera/modules/handlers/post.py: 0
[2016-12-28 16:28:20] EDIT unwatercamera/modules/myapp.py: 0
[2016-12-28 16:28:24] EDIT unwatercamera/modules/handlers/post.py: 0
[2016-12-28 16:33:04] EDIT unwatercamera/controllers/appadmin.py: -245
[2016-12-28 16:33:46] EDIT unwatercamera/controllers/default.py: 0
[2016-12-28 16:46:14] EDIT unwatercamera/views/layout.html: 13
[2016-12-28 17:57:05] EDIT unwatercamera/views/appadmin.html: 0
[2016-12-28 17:59:52] EDIT unwatercamera/views/appadmin.html: 0
[2016-12-28 18:02:42] EDIT unwatercamera/views/appadmin.html: 0
[2016-12-28 18:05:40] EDIT unwatercamera/views/appadmin.html: -1
[2016-12-29 02:29:49] EDIT unwatercamera/controllers/appadmin.py: 0
[2016-12-29 02:31:35] EDIT unwatercamera/views/appadmin.html: 1
[2016-12-29 02:32:04] EDIT unwatercamera/views/appadmin.html: 0
[2016-12-29 02:32:06] EDIT unwatercamera/controllers/appadmin.py: 0
[2016-12-29 02:32:07] EDIT unwatercamera/controllers/appadmin.py: 0
[2016-12-29 02:35:27] EDIT unwatercamera/views/appadmin.html: -1
[2016-12-29 02:36:58] EDIT unwatercamera/views/appadmin.html: 1
[2016-12-29 02:37:38] EDIT unwatercamera/controllers/appadmin.py: 245
[2016-12-29 02:40:41] EDIT unwatercamera/modules/handlers/user.py: 0
[2016-12-29 02:40:53] EDIT unwatercamera/modules/handlers/user.py: 0
[2016-12-29 02:43:37] EDIT unwatercamera/modules/handlers/user.py: 0
[2016-12-29 02:43:48] EDIT unwatercamera/modules/handlers/user.py: 0
[2016-12-29 02:43:50] EDIT unwatercamera/modules/handlers/user.py: 0
[2016-12-29 03:20:00] EDIT unwatercamera/controllers/default.py: -2
[2016-12-29 03:20:32] EDIT unwatercamera/controllers/default.py: 0
[2016-12-29 03:20:33] EDIT unwatercamera/controllers/default.py: 0
[2016-12-29 03:33:28] EDIT unwatercamera/models/db.py: 7
[2016-12-29 03:37:31] EDIT unwatercamera/views/post/showpost.html: 16
[2016-12-29 04:22:54] EDIT unwatercamera/views/post/showpost.html: 0
[2016-12-29 04:23:22] EDIT unwatercamera/views/post/showpost.html: 0
[2016-12-29 04:26:54] EDIT unwatercamera/views/post/showpost.html: -4
[2016-12-29 04:51:41] EDIT unwatercamera/modules/handlers/post.py: 4
[2016-12-29 04:53:54] EDIT unwatercamera/modules/handlers/post.py: 1
[2016-12-29 04:55:13] EDIT unwatercamera/modules/handlers/post.py: 1
[2016-12-29 04:55:14] EDIT unwatercamera/modules/handlers/post.py: 0
[2016-12-29 04:58:38] EDIT unwatercamera/views/post/showpost.html: -1
[2016-12-29 04:59:35] EDIT unwatercamera/views/post/showpost.html: 0
[2016-12-29 05:01:42] EDIT unwatercamera/views/post/showpost.html: 0
[2016-12-29 05:08:38] EDIT unwatercamera/views/post/showpost.html: 0
[2016-12-29 05:09:41] EDIT unwatercamera/views/post/showpost.html: 0
[2016-12-29 05:10:37] EDIT unwatercamera/views/post/showpost.html: -1
[2016-12-29 05:11:23] EDIT unwatercamera/views/post/showpost.html: -3
[2016-12-29 05:12:33] EDIT unwatercamera/views/post/showpost.html: 0
[2016-12-29 05:13:52] EDIT unwatercamera/views/post/showpost.html: 2
[2016-12-29 05:15:22] EDIT unwatercamera/views/post/showpost.html: -11
[2016-12-29 05:16:55] EDIT unwatercamera/views/post/showpost.html: 1
[2016-12-29 05:17:40] EDIT unwatercamera/views/post/showpost.html: 0
[2016-12-29 05:19:44] EDIT unwatercamera/views/post/showpost.html: 0
[2016-12-29 05:22:42] EDIT unwatercamera/modules/handlers/post.py: 0
[2016-12-29 05:24:50] EDIT unwatercamera/views/post/showpost.html: -1
[2016-12-29 14:18:29] EDIT unwatercamera/modules/handlers/post.py: -5
[2016-12-29 14:19:58] EDIT unwatercamera/modules/handlers/post.py: -1
[2016-12-29 14:20:30] EDIT unwatercamera/modules/handlers/post.py: 0
[2016-12-29 14:22:43] EDIT unwatercamera/modules/handlers/post.py: -1
[2016-12-29 14:22:46] EDIT unwatercamera/modules/handlers/post.py: 1
[2016-12-29 14:22:54] EDIT unwatercamera/modules/handlers/post.py: 0
[2016-12-29 14:23:04] EDIT unwatercamera/modules/handlers/post.py: 0
[2016-12-29 14:23:06] EDIT unwatercamera/modules/handlers/post.py: 0
[2016-12-29 14:23:06] EDIT unwatercamera/modules/handlers/post.py: 0
[2016-12-29 14:23:07] EDIT unwatercamera/modules/handlers/post.py: 0
[2016-12-29 14:23:07] EDIT unwatercamera/modules/handlers/post.py: 0
[2016-12-29 14:23:07] EDIT unwatercamera/modules/handlers/post.py: 0
[2016-12-29 14:23:06] EDIT unwatercamera/modules/handlers/post.py: 0
[2016-12-29 14:23:17] EDIT unwatercamera/modules/handlers/post.py: 0
[2016-12-29 14:25:59] EDIT unwatercamera/modules/handlers/post.py: 0
[2016-12-29 14:26:09] EDIT unwatercamera/modules/handlers/post.py: 0
[2016-12-29 16:13:05] EDIT unwatercamera/views/comment.html: -16
[2016-12-29 16:14:26] EDIT unwatercamera/views/comment.html: -19
[2016-12-29 16:29:11] EDIT unwatercamera/controllers/post.py: 15
[2016-12-29 17:42:17] EDIT unwatercamera/controllers/post.py: -1
[2016-12-29 17:43:21] EDIT unwatercamera/views/post/listposts.html: 0
[2016-12-29 17:45:05] EDIT unwatercamera/controllers/post.py: -14
[2016-12-29 17:48:05] EDIT unwatercamera/views/layout.html: 0
[2016-12-29 17:52:38] EDIT unwatercamera/controllers/post.py: 0
[2016-12-29 17:52:54] EDIT unwatercamera/views/comment.html: 15
[2016-12-29 17:54:11] EDIT unwatercamera/views/comment.html: 2
[2016-12-29 17:55:58] EDIT unwatercamera/views/comment.html: 0
[2016-12-29 17:57:57] EDIT unwatercamera/views/comment.html: 0
[2016-12-29 17:59:58] EDIT unwatercamera/views/comment.html: 0
[2016-12-29 18:00:50] EDIT unwatercamera/views/comment.html: 0
[2016-12-29 18:01:15] EDIT unwatercamera/views/comment.html: 1
[2016-12-29 18:01:47] EDIT unwatercamera/views/comment.html: 0
[2016-12-29 18:07:48] EDIT unwatercamera/views/comment.html: 0
[2016-12-29 18:07:51] EDIT unwatercamera/views/comment.html: 0
[2016-12-29 18:24:15] EDIT unwatercamera/views/comment.html: 0
[2016-12-29 18:26:32] EDIT unwatercamera/views/comment.html: 0
[2016-12-29 18:29:04] EDIT unwatercamera/views/comment.html: -2
[2016-12-29 18:29:07] EDIT unwatercamera/views/comment.html: 0
[2016-12-29 18:31:46] EDIT unwatercamera/views/comment.html: 2
[2016-12-29 18:32:16] EDIT unwatercamera/views/comment.html: -1
[2016-12-29 18:32:24] EDIT unwatercamera/views/comment.html: 0
[2016-12-29 18:32:57] EDIT unwatercamera/views/comment.html: 0
[2016-12-29 18:33:20] EDIT unwatercamera/views/comment.html: 0
[2016-12-29 18:33:27] EDIT unwatercamera/views/comment.html: 0
[2016-12-29 18:34:02] EDIT unwatercamera/views/comment.html: 1
[2016-12-29 18:34:04] EDIT unwatercamera/views/comment.html: 0
[2016-12-29 18:34:38] EDIT unwatercamera/views/comment.html: 0
[2016-12-29 18:34:39] EDIT unwatercamera/views/comment.html: 0
[2016-12-29 19:56:15] EDIT unwatercamera/views/post/listposts.html: 1
[2016-12-29 19:57:25] EDIT unwatercamera/views/layout.html: 0
[2016-12-29 19:58:02] EDIT unwatercamera/views/post/listposts.html: 0
[2016-12-29 19:59:29] EDIT unwatercamera/views/layout.html: 0
[2016-12-29 20:00:53] EDIT unwatercamera/controllers/post.py: 13
[2016-12-29 20:01:27] EDIT unwatercamera/controllers/post.py: 0
[2016-12-29 20:01:27] EDIT unwatercamera/controllers/post.py: 0
[2016-12-29 20:01:34] EDIT unwatercamera/controllers/post.py: 0
[2016-12-29 20:03:51] EDIT unwatercamera/controllers/post.py: 0
[2016-12-29 20:03:52] EDIT unwatercamera/controllers/post.py: 0
[2016-12-29 20:03:57] EDIT unwatercamera/controllers/post.py: 0
[2016-12-29 20:04:36] EDIT unwatercamera/controllers/post.py: 3
[2016-12-29 20:04:36] EDIT unwatercamera/controllers/post.py: 0
[2016-12-29 20:04:51] EDIT unwatercamera/controllers/post.py: -1
[2016-12-29 20:04:52] EDIT unwatercamera/controllers/post.py: 0
[2016-12-29 20:04:56] EDIT unwatercamera/controllers/post.py: 0
[2016-12-29 20:05:11] EDIT unwatercamera/controllers/post.py: 0
[2016-12-29 20:06:20] EDIT unwatercamera/views/layout.html: -3
[2016-12-29 20:06:49] EDIT unwatercamera/views/post/listposts.html: 0
[2016-12-29 20:46:30] EDIT unwatercamera/views/layout.html: 3
[2016-12-29 20:49:11] EDIT unwatercamera/views/layout.html: 0
[2016-12-29 20:50:10] EDIT unwatercamera/views/layout.html: 0
[2016-12-29 20:50:54] EDIT unwatercamera/views/layout.html: 0
[2016-12-29 20:53:06] EDIT unwatercamera/views/layout.html: 0
[2016-12-29 20:54:02] EDIT unwatercamera/views/post/showpost.html: 2
[2016-12-29 20:54:49] EDIT unwatercamera/views/post/showpost.html: -2
[2016-12-29 20:54:51] EDIT unwatercamera/views/post/showpost.html: 0
[2016-12-29 20:57:58] EDIT unwatercamera/views/layout.html: 0
[2016-12-29 20:58:02] EDIT unwatercamera/views/layout.html: 0
[2016-12-29 20:58:40] EDIT unwatercamera/views/layout.html: 0
[2016-12-29 20:58:41] EDIT unwatercamera/views/layout.html: 0
[2016-12-29 21:05:49] EDIT unwatercamera/views/layout.html: 66
[2016-12-29 21:06:48] EDIT unwatercamera/views/layout.html: -17
[2016-12-29 21:08:44] EDIT unwatercamera/views/layout.html: -18
[2016-12-29 21:09:02] EDIT unwatercamera/views/layout.html: 0
[2016-12-29 21:10:15] EDIT unwatercamera/views/layout.html: 18
[2016-12-29 21:10:17] EDIT unwatercamera/views/layout.html: 0
[2016-12-29 21:12:06] EDIT unwatercamera/views/layout.html: 2
[2016-12-29 21:15:08] EDIT unwatercamera/views/layout.html: 0
[2016-12-29 21:16:00] EDIT unwatercamera/views/layout.html: 0
[2016-12-29 22:20:21] EDIT unwatercamera/views/comment.html: -12
[2016-12-29 22:20:31] EDIT unwatercamera/controllers/post.py: -8
[2016-12-29 22:24:04] EDIT unwatercamera/views/layout.html: -18
[2016-12-29 23:33:48] EDIT unwatercamera/controllers/post.py: -1
[2016-12-29 23:38:49] EDIT unwatercamera/views/show.html: 0
[2016-12-29 23:39:40] EDIT unwatercamera/views/show.html: 0
[2016-12-29 23:42:28] EDIT unwatercamera/controllers/default.py: 6
[2016-12-29 23:43:15] EDIT unwatercamera/controllers/default.py: 0
[2016-12-29 23:44:06] EDIT unwatercamera/modules/handlers/post.py: 1
[2016-12-29 23:44:27] EDIT unwatercamera/modules/handlers/post.py: 0
[2016-12-29 23:45:17] EDIT unwatercamera/modules/handlers/post.py: -1
[2016-12-29 23:45:49] EDIT unwatercamera/modules/datamodel/post.py: 0
[2016-12-30 00:06:01] EDIT unwatercamera/private/appconfig.ini: 0
[2016-12-30 00:07:15] EDIT unwatercamera/models/db.py: -1
[2016-12-30 00:07:36] EDIT unwatercamera/models/db.py: 0
[2016-12-30 00:08:50] EDIT unwatercamera/models/db.py: -1
[2016-12-30 00:10:21] EDIT unwatercamera/models/db.py: -5
[2016-12-30 00:17:59] EDIT unwatercamera/modules/datamodel/post.py: 1
[2016-12-30 00:18:22] EDIT unwatercamera/modules/datamodel/post.py: 0
[2016-12-30 01:04:11] EDIT unwatercamera/models/db.py: -1
[2016-12-30 01:12:52] EDIT unwatercamera/controllers/default.py: 3
[2016-12-30 01:29:13] CREATE default/manage.html: 0
[2016-12-30 01:30:20] EDIT unwatercamera/views/default/manage.html: 3
[2016-12-30 01:43:10] EDIT unwatercamera/views/show.html: 63
[2016-12-30 01:44:03] EDIT unwatercamera/controllers/default.py: 9
[2016-12-30 01:44:25] EDIT unwatercamera/controllers/default.py: 0
[2016-12-30 01:45:37] EDIT unwatercamera/controllers/default.py: 0
[2016-12-30 01:45:48] EDIT unwatercamera/controllers/default.py: 0
[2016-12-30 01:45:50] EDIT unwatercamera/controllers/default.py: 0
[2016-12-30 01:46:39] EDIT unwatercamera/models/db.py: 0
[2016-12-30 01:46:40] EDIT unwatercamera/models/db.py: 0
[2016-12-30 01:46:40] EDIT unwatercamera/models/db.py: 0
[2016-12-30 01:46:41] EDIT unwatercamera/models/db.py: 0
[2016-12-30 01:48:32] CREATE db1.py: 0
[2016-12-30 01:48:38] EDIT unwatercamera/models/db1.py: 5
[2016-12-30 01:49:20] EDIT unwatercamera/models/db.py: -5
[2016-12-30 02:08:40] EDIT unwatercamera/models/db1.py: 4
[2016-12-30 02:10:04] EDIT unwatercamera/models/db1.py: -4
[2016-12-30 02:10:37] EDIT unwatercamera/models/db1.py: 4
[2016-12-30 02:10:37] EDIT unwatercamera/models/db1.py: 0
[2016-12-30 02:15:27] EDIT unwatercamera/controllers/default.py: 0
[2016-12-30 02:25:47] EDIT unwatercamera/controllers/default.py: 0
[2016-12-30 02:26:07] EDIT unwatercamera/controllers/default.py: 0
[2016-12-30 02:38:52] EDIT unwatercamera/controllers/default.py: 0
[2016-12-30 02:39:25] EDIT unwatercamera/controllers/default.py: 0
[2016-12-30 02:40:28] EDIT unwatercamera/controllers/default.py: 0
[2016-12-30 02:43:27] EDIT unwatercamera/controllers/default.py: 0
[2016-12-30 02:48:38] EDIT unwatercamera/controllers/default.py: 0
[2016-12-30 02:48:57] EDIT unwatercamera/controllers/default.py: 0
[2016-12-30 02:52:05] EDIT unwatercamera/controllers/default.py: 0
[2016-12-30 02:52:44] EDIT unwatercamera/controllers/default.py: 0
[2016-12-30 02:53:41] EDIT unwatercamera/controllers/default.py: 0
[2016-12-30 03:03:38] EDIT unwatercamera/models/db1.py: 0
[2016-12-30 03:10:01] EDIT unwatercamera/views/default/show.html: 0
[2016-12-30 03:11:45] EDIT unwatercamera/controllers/default.py: 0
[2016-12-30 03:12:05] EDIT unwatercamera/controllers/default.py: 0
[2016-12-30 03:12:05] EDIT unwatercamera/controllers/default.py: 0
[2016-12-30 03:12:05] EDIT unwatercamera/controllers/default.py: 0
[2016-12-30 03:12:49] EDIT unwatercamera/controllers/default.py: -1
[2016-12-30 03:16:44] EDIT unwatercamera/controllers/default.py: 0
[2016-12-30 03:17:23] EDIT unwatercamera/controllers/default.py: 0
[2016-12-30 03:17:52] EDIT unwatercamera/controllers/default.py: 0
[2016-12-30 03:23:34] DELETE unwatercamera/controllers/post.py: -21
[2016-12-30 03:24:41] EDIT unwatercamera/views/layout.html: -1
[2016-12-30 03:26:46] EDIT unwatercamera/views/default/show.html: 0
[2016-12-30 03:28:55] EDIT unwatercamera/views/default/show.html: 0
[2016-12-30 03:30:03] EDIT unwatercamera/controllers/default.py: 0
[2016-12-30 03:31:43] EDIT unwatercamera/controllers/default.py: 0
[2016-12-30 03:44:20] EDIT unwatercamera/views/default/show.html: -19
[2016-12-30 03:45:06] EDIT unwatercamera/views/default/show.html: -6
[2016-12-30 03:49:21] EDIT unwatercamera/controllers/default.py: -1
[2016-12-30 03:50:36] EDIT unwatercamera/views/comment.html: 29
[2016-12-30 03:51:00] EDIT unwatercamera/views/default/index.html: 1
[2016-12-30 03:52:36] EDIT unwatercamera/views/comment.html: 0
[2016-12-30 03:52:40] EDIT unwatercamera/views/default/index.html: 0
[2016-12-30 03:52:48] EDIT unwatercamera/views/layout.html: 35
[2016-12-30 03:53:49] EDIT unwatercamera/views/default/index.html: -1
[2016-12-30 03:55:16] EDIT unwatercamera/controllers/default.py: 0
[2016-12-30 04:09:30] EDIT unwatercamera/models/menu.py: -102
[2016-12-30 04:09:45] EDIT unwatercamera/models/menu.py: -3
[2016-12-30 04:12:21] EDIT unwatercamera/models/menu.py: 2
[2016-12-30 04:12:39] EDIT unwatercamera/models/menu.py: 0
[2016-12-30 04:13:13] EDIT unwatercamera/models/menu.py: 0
[2016-12-30 04:13:21] EDIT unwatercamera/models/menu.py: 0
[2016-12-30 04:13:38] EDIT unwatercamera/models/menu.py: 0
[2016-12-30 04:21:27] EDIT unwatercamera/views/default/show.html: 0
[2016-12-30 04:22:18] EDIT unwatercamera/views/layout.html: -1
[2016-12-30 04:23:28] EDIT unwatercamera/views/layout.html: 1
[2016-12-30 04:46:36] EDIT unwatercamera/models/db1.py: 0
[2016-12-30 04:55:05] EDIT unwatercamera/views/default/index.html: 13
[2016-12-30 05:18:07] EDIT unwatercamera/views/default/index.html: 4
[2016-12-30 05:18:24] EDIT unwatercamera/views/default/index.html: -8
[2016-12-30 05:18:25] EDIT unwatercamera/views/default/index.html: 0
[2016-12-30 05:19:48] EDIT unwatercamera/views/default/index.html: 1
[2016-12-30 05:21:05] EDIT unwatercamera/controllers/default.py: 1
[2016-12-30 05:22:03] EDIT unwatercamera/views/default/index.html: -1
[2016-12-30 05:22:50] EDIT unwatercamera/controllers/default.py: 0
[2016-12-30 05:23:14] EDIT unwatercamera/controllers/default.py: 0
[2016-12-30 05:32:04] EDIT unwatercamera/controllers/default.py: 0
[2016-12-30 05:32:05] EDIT unwatercamera/controllers/default.py: 0
[2016-12-30 05:36:51] EDIT unwatercamera/views/default/index.html: 0
[2016-12-30 05:43:01] EDIT unwatercamera/views/default/show.html: 1
[2016-12-30 05:48:54] EDIT unwatercamera/views/default/show.html: 0
[2016-12-30 05:49:57] EDIT unwatercamera/views/default/show.html: -1
[2016-12-30 05:50:32] EDIT unwatercamera/views/default/show.html: 0
[2016-12-30 05:52:17] EDIT unwatercamera/views/default/show.html: 0
[2016-12-30 05:52:26] EDIT unwatercamera/views/default/show.html: 0
[2016-12-30 05:52:30] EDIT unwatercamera/controllers/default.py: 0
[2016-12-30 05:52:32] EDIT unwatercamera/views/layout.html: 0
[2016-12-30 18:19:12] EDIT unwatercamera/models/db1.py: 2
[2016-12-30 18:23:56] DELETE unwatercamera/views/post/editpost.html: -13
[2016-12-30 18:24:06] DELETE unwatercamera/views/post/listposts.html: -24
[2016-12-30 18:24:13] DELETE unwatercamera/views/post/newpost.html: -15
[2016-12-30 18:25:11] DELETE unwatercamera/modules/datamodel/post.py: -39
[2016-12-30 18:31:37] EDIT unwatercamera/models/db1.py: 1
[2016-12-30 18:43:38] EDIT unwatercamera/views/default/show.html: 1
[2016-12-30 18:44:54] EDIT unwatercamera/views/default/show.html: 0
[2016-12-30 18:49:57] EDIT unwatercamera/views/default/show.html: 0
[2016-12-30 18:56:05] EDIT unwatercamera/views/default/show.html: 1
[2016-12-30 18:56:38] EDIT unwatercamera/views/default/show.html: 0
[2016-12-30 18:57:13] EDIT unwatercamera/views/default/show.html: 0
[2016-12-30 18:58:54] EDIT unwatercamera/views/default/show.html: 0
[2016-12-30 19:00:12] EDIT unwatercamera/static/css/style.css: 3
[2016-12-30 19:01:53] EDIT unwatercamera/views/default/show.html: -1
[2016-12-30 19:06:19] EDIT unwatercamera/views/default/index.html: 0
[2016-12-30 19:12:37] EDIT unwatercamera/views/default/index.html: 0
[2016-12-30 19:12:52] EDIT unwatercamera/views/default/index.html: 0
[2016-12-30 19:17:20] EDIT unwatercamera/views/default/index.html: 0
[2016-12-30 23:44:38] EDIT unwatercamera/views/default/UnderwaterCameras.html: 3
[2016-12-30 23:45:06] EDIT unwatercamera/views/default/UnderwaterCameras.html: 0
[2016-12-30 23:45:26] EDIT unwatercamera/views/default/UnderwaterCameras.html: 0
[2016-12-30 23:46:01] EDIT unwatercamera/views/default/UnderwaterCameras.html: 0
[2016-12-30 23:47:13] EDIT unwatercamera/controllers/default.py: 1
[2016-12-30 23:47:59] EDIT unwatercamera/controllers/default.py: 0
[2016-12-30 23:54:20] EDIT unwatercamera/views/default/UnderwaterCameras.html: 0
[2016-12-30 23:55:03] EDIT unwatercamera/views/default/UnderwaterCameras.html: 0
[2016-12-31 00:03:08] EDIT unwatercamera/views/default/show.html: 2
[2016-12-31 00:06:00] EDIT unwatercamera/views/default/show.html: 0
[2016-12-31 00:07:34] EDIT unwatercamera/views/default/show.html: -2
[2016-12-31 00:09:03] EDIT unwatercamera/views/default/show.html: 0
[2016-12-31 00:09:11] EDIT unwatercamera/views/default/show.html: 0
[2016-12-31 00:09:11] EDIT unwatercamera/views/default/show.html: 0
[2016-12-31 00:09:42] EDIT unwatercamera/views/default/show.html: 2
[2016-12-31 00:16:03] EDIT unwatercamera/models/db1.py: 1
[2016-12-31 00:16:20] EDIT unwatercamera/models/db1.py: 0
[2016-12-31 00:16:59] EDIT unwatercamera/models/db1.py: 1
[2016-12-31 00:21:01] EDIT unwatercamera/models/db1.py: 1
[2016-12-31 00:24:36] EDIT unwatercamera/models/db1.py: -3
[2016-12-31 00:25:38] EDIT unwatercamera/views/layout.html: 2
[2016-12-31 00:25:39] EDIT unwatercamera/views/layout.html: 0
[2016-12-31 00:33:48] EDIT unwatercamera/views/default/show.html: 0
[2016-12-31 00:38:41] EDIT unwatercamera/views/default/show.html: 2
[2016-12-31 00:39:26] EDIT unwatercamera/views/default/show.html: 0
[2016-12-31 00:39:52] EDIT unwatercamera/views/default/show.html: 0
[2016-12-31 00:43:29] EDIT unwatercamera/views/default/show.html: -26
[2017-01-04 16:11:21] EDIT unwatercamera/controllers/default.py: 2
[2017-01-04 16:11:48] CREATE default/edit.html: 0
[2017-01-04 16:12:50] EDIT unwatercamera/views/default/edit.html: 10
[2017-01-04 16:12:55] EDIT unwatercamera/views/default/edit.html: -1
[2017-01-04 16:13:48] EDIT unwatercamera/controllers/default.py: 0
[2017-01-04 16:14:45] EDIT unwatercamera/controllers/default.py: 0
[2017-01-04 16:17:54] EDIT unwatercamera/views/default/edit.html: -1
[2017-01-04 16:18:06] EDIT unwatercamera/controllers/default.py: 2
[2017-01-04 16:18:24] EDIT unwatercamera/controllers/default.py: 0
[2017-01-04 16:18:41] EDIT unwatercamera/controllers/default.py: 0
[2017-01-04 16:19:14] EDIT unwatercamera/controllers/default.py: 0
[2017-01-04 16:19:49] EDIT unwatercamera/controllers/default.py: 0
[2017-01-04 16:20:41] EDIT unwatercamera/controllers/default.py: 0
[2017-01-04 16:25:25] EDIT unwatercamera/controllers/default.py: 1
[2017-01-04 16:25:59] EDIT unwatercamera/views/default/edit.html: 1
[2017-01-04 16:29:26] EDIT unwatercamera/models/db1.py: 2
[2017-01-04 16:31:43] EDIT unwatercamera/controllers/default.py: 0
[2017-01-04 16:32:10] EDIT unwatercamera/controllers/default.py: 0
[2017-01-04 16:33:33] EDIT unwatercamera/controllers/default.py: 0
[2017-01-04 16:35:21] EDIT unwatercamera/controllers/default.py: 0
[2017-01-04 16:36:57] EDIT unwatercamera/controllers/default.py: 0
[2017-01-04 16:39:56] EDIT unwatercamera/views/default/show.html: 4
[2017-01-04 16:44:08] EDIT unwatercamera/views/default/show.html: 0
[2017-01-04 16:44:48] EDIT unwatercamera/views/default/show.html: 0
[2017-01-04 16:48:31] EDIT unwatercamera/views/default/edit.html: -7
[2017-01-04 16:49:02] EDIT unwatercamera/controllers/default.py: -2
[2017-01-04 16:49:24] EDIT unwatercamera/controllers/default.py: 0
[2017-01-04 16:49:29] EDIT unwatercamera/controllers/default.py: 0
[2017-01-04 16:50:18] EDIT unwatercamera/views/default/edit.html: 0
[2017-01-04 16:54:07] EDIT unwatercamera/controllers/default.py: 2
[2017-01-04 16:54:48] CREATE default/postedit.html: 0
[2017-01-04 17:35:01] EDIT unwatercamera/controllers/default.py: 0
[2017-01-04 17:35:44] EDIT unwatercamera/controllers/default.py: 0
[2017-01-04 17:36:17] EDIT unwatercamera/controllers/default.py: 0
[2017-01-04 17:39:55] EDIT unwatercamera/controllers/default.py: 0
[2017-01-04 17:40:39] EDIT unwatercamera/controllers/default.py: 0
[2017-01-04 17:41:04] EDIT unwatercamera/controllers/default.py: 0
[2017-01-04 17:43:39] EDIT unwatercamera/controllers/default.py: 0
[2017-01-04 17:48:23] EDIT unwatercamera/controllers/default.py: 0
[2017-01-04 17:48:34] EDIT unwatercamera/controllers/default.py: 0
[2017-01-04 17:49:02] EDIT unwatercamera/controllers/default.py: 0
[2017-01-04 18:15:32] EDIT unwatercamera/controllers/default.py: 0
[2017-01-04 18:36:05] EDIT unwatercamera/controllers/default.py: 0
[2017-01-04 18:36:12] EDIT unwatercamera/controllers/default.py: 0
[2017-01-04 18:36:27] EDIT unwatercamera/controllers/default.py: 0
[2017-01-04 18:45:42] EDIT unwatercamera/controllers/default.py: 0
[2017-01-04 18:54:03] EDIT unwatercamera/controllers/default.py: 0
[2017-01-04 19:16:22] EDIT unwatercamera/controllers/default.py: 0
[2017-01-04 19:27:06] EDIT unwatercamera/controllers/default.py: 0
[2017-01-04 19:27:29] EDIT unwatercamera/controllers/default.py: 0
[2017-01-04 19:27:37] EDIT unwatercamera/controllers/default.py: 0
[2017-01-04 19:29:10] EDIT unwatercamera/controllers/default.py: 0
[2017-01-04 19:29:12] EDIT unwatercamera/controllers/default.py: 0
[2017-01-04 19:29:35] EDIT unwatercamera/controllers/default.py: 0
[2017-01-04 19:30:46] EDIT unwatercamera/controllers/default.py: 0
[2017-01-04 19:32:19] EDIT unwatercamera/controllers/default.py: 0
[2017-01-04 19:32:48] EDIT unwatercamera/controllers/default.py: 0
[2017-01-04 19:33:24] EDIT unwatercamera/controllers/default.py: 0
[2017-01-04 19:33:54] EDIT unwatercamera/controllers/default.py: 0
[2017-01-04 19:34:38] EDIT unwatercamera/controllers/default.py: 0
[2017-01-04 19:35:30] EDIT unwatercamera/controllers/default.py: 0
[2017-01-04 19:39:27] EDIT unwatercamera/controllers/default.py: 1
[2017-01-04 19:39:33] EDIT unwatercamera/controllers/default.py: 0
[2017-01-04 19:40:28] EDIT unwatercamera/controllers/default.py: 0
[2017-01-04 19:43:12] EDIT unwatercamera/controllers/default.py: 0
[2017-01-04 19:43:26] EDIT unwatercamera/controllers/default.py: -1
[2017-01-04 19:48:05] EDIT unwatercamera/controllers/default.py: 1
[2017-01-04 19:48:30] EDIT unwatercamera/controllers/default.py: 0
[2017-01-04 19:49:13] EDIT unwatercamera/controllers/default.py: 0
[2017-01-04 19:49:25] EDIT unwatercamera/controllers/default.py: 0
[2017-01-04 19:50:51] EDIT unwatercamera/controllers/default.py: 0
[2017-01-04 19:52:37] EDIT unwatercamera/controllers/default.py: 0
[2017-01-04 19:52:56] EDIT unwatercamera/controllers/default.py: 0
[2017-01-04 21:20:35] EDIT unwatercamera/controllers/default.py: 0
[2017-01-04 21:22:31] EDIT unwatercamera/controllers/default.py: 0
[2017-01-04 21:25:28] EDIT unwatercamera/controllers/default.py: 0
[2017-01-04 21:32:20] EDIT unwatercamera/models/menu.py: 2
[2017-01-04 21:43:38] EDIT unwatercamera/static/css/style.css: 3
[2017-01-04 21:46:28] EDIT unwatercamera/static/css/style.css: 1
[2017-01-04 21:47:12] EDIT unwatercamera/static/css/style.css: -1
[2017-01-04 21:50:38] EDIT unwatercamera/static/css/style.css: 1
[2017-01-04 21:56:58] EDIT unwatercamera/views/default/index.html: 6
[2017-01-04 21:57:19] EDIT unwatercamera/views/default/index.html: 0
[2017-01-04 21:57:42] EDIT unwatercamera/views/default/index.html: 0
[2017-01-04 21:58:09] EDIT unwatercamera/views/default/index.html: 0
[2017-01-04 21:58:48] EDIT unwatercamera/views/default/index.html: 0
[2017-01-04 21:59:05] EDIT unwatercamera/views/default/index.html: 0
[2017-01-04 21:59:29] EDIT unwatercamera/views/default/index.html: 0
[2017-01-04 22:08:19] EDIT unwatercamera/views/layout.html: -33
[2017-01-04 22:10:17] EDIT unwatercamera/views/layout.html: -11
[2017-01-04 22:10:41] EDIT unwatercamera/views/layout.html: 44
[2017-01-04 22:12:33] EDIT unwatercamera/views/layout.html: -44
[2017-01-04 22:12:38] EDIT unwatercamera/views/layout.html: -1
[2017-01-04 22:14:32] EDIT unwatercamera/views/layout.html: -7
[2017-01-04 22:16:25] EDIT unwatercamera/views/layout.html: 10
[2017-01-04 22:19:22] CREATE alt.html: 0
[2017-01-04 22:25:42] EDIT unwatercamera/views/default/index.html: 0
[2017-01-04 22:25:53] EDIT unwatercamera/views/alt.html: 37
[2017-01-04 22:26:36] EDIT unwatercamera/views/layout.html: -39
[2017-01-04 22:26:43] EDIT unwatercamera/views/layout.html: 0
[2017-01-04 22:28:10] EDIT unwatercamera/views/alt.html: 1
[2017-01-04 22:29:23] EDIT unwatercamera/views/alt.html: 6
[2017-01-04 22:30:05] EDIT unwatercamera/views/alt.html: 0
[2017-01-04 22:30:49] EDIT unwatercamera/views/alt.html: 0
[2017-01-04 22:34:42] EDIT unwatercamera/views/alt.html: 0
[2017-01-04 22:37:45] EDIT unwatercamera/views/alt.html: 1
[2017-01-04 22:41:32] EDIT unwatercamera/views/default/show.html: 0
[2017-01-04 22:55:25] EDIT unwatercamera/views/default/show.html: 0
[2017-01-04 23:04:07] EDIT unwatercamera/controllers/default.py: -2
[2017-01-04 23:06:25] EDIT unwatercamera/views/appadmin.html: -1
[2017-01-04 23:07:37] EDIT unwatercamera/views/default/UnderwaterLenses.html: 11
[2017-01-04 23:07:54] EDIT unwatercamera/views/default/MacroTutorials.html: 11
[2017-01-04 23:08:10] EDIT unwatercamera/views/default/WideAngleTutorials.html: 11
[2017-01-04 23:10:17] EDIT unwatercamera/views/default/MacroTutorials.html: -1
[2017-01-04 23:11:17] EDIT unwatercamera/views/layout.html: 1
[2017-01-04 23:11:34] EDIT unwatercamera/views/layout.html: -1
[2017-01-04 23:12:07] EDIT unwatercamera/controllers/default.py: 0
[2017-01-04 23:14:02] EDIT unwatercamera/views/default/UnderwaterLenses.html: -3
[2017-01-04 23:14:36] EDIT unwatercamera/views/default/MacroTutorials.html: 0
[2017-01-04 23:14:49] EDIT unwatercamera/views/default/WideAngleTutorials.html: -3
[2017-01-04 23:17:30] EDIT unwatercamera/controllers/default.py: 1
[2017-01-04 23:19:34] EDIT unwatercamera/views/default/WideAngleTutorials.html: 0
[2017-01-04 23:21:52] EDIT unwatercamera/views/default/UnderwaterLenses.html: -1
[2017-01-04 23:24:04] EDIT unwatercamera/views/default/MacroTutorials.html: -1
[2017-01-04 23:26:05] CREATE pop2.html: 0
[2017-01-04 23:27:46] EDIT unwatercamera/views/pop2.html: 31
[2017-01-04 23:41:46] EDIT unwatercamera/views/pop2.html: -22
[2017-01-04 23:44:42] EDIT unwatercamera/views/alt.html: -24
[2017-01-04 23:45:54] EDIT unwatercamera/views/alt.html: 0
[2017-01-04 23:47:58] EDIT unwatercamera/views/pop2.html: 0
[2017-01-04 23:48:24] EDIT unwatercamera/views/pop2.html: 0
[2017-01-04 23:50:22] EDIT unwatercamera/views/default/index.html: -16
[2017-01-04 23:52:31] EDIT unwatercamera/views/default/index.html: 0
[2017-01-04 23:54:12] EDIT unwatercamera/views/popular.html: -31
[2017-01-04 23:54:28] EDIT unwatercamera/views/popular.html: -1
[2017-01-04 23:55:22] EDIT unwatercamera/views/default/index.html: -4
[2017-01-04 23:55:37] EDIT unwatercamera/views/default/index.html: 4
[2017-01-04 23:56:06] EDIT unwatercamera/views/default/index.html: -8
[2017-01-04 23:57:07] EDIT unwatercamera/views/pop2.html: 6
[2017-01-04 23:57:18] EDIT unwatercamera/views/pop2.html: 0
[2017-01-04 23:57:27] EDIT unwatercamera/views/pop2.html: 0
[2017-01-04 23:57:40] EDIT unwatercamera/views/pop2.html: 0
[2017-01-05 00:04:43] EDIT unwatercamera/views/pop2.html: -1
[2017-01-05 00:05:08] EDIT unwatercamera/views/pop2.html: -5
[2017-01-05 00:06:17] EDIT unwatercamera/views/pop2.html: 5
[2017-01-05 00:06:34] EDIT unwatercamera/views/pop2.html: 0
[2017-01-05 00:07:01] EDIT unwatercamera/views/pop2.html: 0
[2017-01-05 00:07:16] EDIT unwatercamera/views/pop2.html: -4
[2017-01-05 00:07:47] EDIT unwatercamera/views/pop2.html: 4
[2017-01-05 00:08:04] EDIT unwatercamera/views/pop2.html: -1
[2017-01-05 00:08:39] EDIT unwatercamera/views/pop2.html: 0
[2017-01-05 00:25:45] EDIT unwatercamera/views/pop2.html: 0
[2017-01-05 00:26:17] EDIT unwatercamera/views/pop2.html: 0
[2017-01-05 00:27:54] EDIT unwatercamera/views/pop2.html: 0
[2017-01-05 00:34:19] EDIT unwatercamera/views/popular.html: -49
[2017-01-05 00:35:30] EDIT unwatercamera/views/popular.html: 2
[2017-01-05 00:35:30] EDIT unwatercamera/views/popular.html: 0
[2017-01-05 00:38:20] EDIT unwatercamera/views/popular.html: 0
[2017-01-05 00:38:42] EDIT unwatercamera/views/popular.html: 0
[2017-01-05 00:44:46] EDIT unwatercamera/views/popular.html: 0
[2017-01-05 00:45:21] EDIT unwatercamera/views/popular.html: 3
[2017-01-05 00:46:20] EDIT unwatercamera/views/popular.html: -2
[2017-01-05 00:46:28] EDIT unwatercamera/views/popular.html: 0
[2017-01-05 00:48:05] EDIT unwatercamera/static/css/style.css: -1
[2017-01-05 00:51:44] EDIT unwatercamera/views/default/index.html: -15
[2017-01-05 00:56:33] EDIT unwatercamera/controllers/default.py: 1
[2017-01-05 00:59:23] EDIT unwatercamera/views/default/about.html: 9
[2017-01-05 01:01:40] EDIT unwatercamera/views/default/about.html: -1
[2017-01-05 01:03:31] EDIT unwatercamera/views/default/about.html: 0
[2017-01-05 01:04:17] EDIT unwatercamera/views/default/about.html: -1
[2017-01-05 01:09:12] DELETE unwatercamera/views/default/cmfoto/img1.jpg: -83
[2017-01-05 01:09:47] EDIT unwatercamera/views/default/index.html: 0
[2017-01-05 01:22:30] EDIT unwatercamera/models/db1.py: 0
[2017-01-05 01:29:37] EDIT unwatercamera/views/default/MacroTutorials.html: -53
[2017-01-05 01:30:40] EDIT unwatercamera/views/default/MacroTutorials.html: 0
[2017-01-05 01:35:06] EDIT unwatercamera/views/default/MacroTutorials.html: 0
[2017-01-05 01:35:33] EDIT unwatercamera/views/default/MacroTutorials.html: 0
[2017-01-05 01:36:31] EDIT unwatercamera/views/default/MacroTutorials.html: 0
[2017-01-05 01:41:06] EDIT unwatercamera/views/default/MacroTutorials.html: 1
[2017-01-05 01:47:25] EDIT unwatercamera/views/default/UnderwaterCameras.html: -1
[2017-01-05 01:49:20] EDIT unwatercamera/views/default/UnderwaterCameras.html: 0
[2017-01-05 01:50:35] EDIT unwatercamera/views/default/UnderwaterCameras.html: -2
[2017-01-05 01:54:14] EDIT unwatercamera/views/default/UnderwaterLenses.html: -5
[2017-01-05 01:54:32] EDIT unwatercamera/views/default/WideAngleTutorials.html: -1
[2017-01-05 01:54:45] EDIT unwatercamera/views/default/WideAngleTutorials.html: 1
[2017-01-05 01:55:43] EDIT unwatercamera/views/default/WideAngleTutorials.html: 0
[2017-01-05 02:07:39] CREATE default/report.html: 0
[2017-01-05 02:08:24] EDIT unwatercamera/controllers/default.py: 3
[2017-01-05 02:12:27] EDIT unwatercamera/views/header.html: 0
[2017-01-05 02:12:57] EDIT unwatercamera/views/header.html: 0
[2017-01-05 02:15:09] EDIT unwatercamera/views/header.html: 0
[2017-01-05 02:15:49] EDIT unwatercamera/views/header.html: 0
[2017-01-05 02:16:58] EDIT unwatercamera/views/header.html: 0
[2017-01-05 02:17:36] EDIT unwatercamera/views/header.html: 0
[2017-01-05 02:18:26] EDIT unwatercamera/controllers/default.py: -5
[2017-01-05 02:24:05] EDIT unwatercamera/modules/datamodel/myapp.py: 0
[2017-01-05 02:24:36] EDIT unwatercamera/modules/datamodel/user.py: 0
[2017-01-05 02:24:48] EDIT unwatercamera/modules/handlers/post.py: 0
[2017-01-05 02:28:20] EDIT unwatercamera/controllers/default.py: 0
[2017-01-05 02:29:43] EDIT unwatercamera/controllers/default.py: 0
[2017-01-05 02:35:16] EDIT unwatercamera/modules/handlers/base.py: 0
[2017-01-05 02:39:29] CREATE default/create.html_: 0
[2017-01-05 02:39:59] DELETE unwatercamera/views/default/create.html_: 0
[2017-01-05 02:41:08] CREATE default/create.html: 0
[2017-01-05 02:41:55] EDIT unwatercamera/views/default/create.html: -1
[2017-01-05 02:42:06] EDIT unwatercamera/views/default/create.html: 1
[2017-01-05 02:45:29] EDIT unwatercamera/views/default/create.html: 1
[2017-01-05 02:48:17] EDIT unwatercamera/views/default/report.html: 0
[2017-01-05 03:12:00] DELETE unwatercamera/modules/datamodel/plugin_ckeditor.py: -330
[2017-01-05 03:35:20] EDIT unwatercamera/views/default/report.html: 30
[2017-01-05 03:35:51] EDIT unwatercamera/views/default/report.html: 0
[2017-01-05 03:35:51] EDIT unwatercamera/views/default/report.html: 0
[2017-01-05 03:37:54] EDIT unwatercamera/views/default/report.html: 0
[2017-01-05 03:39:48] EDIT unwatercamera/views/default/report.html: 2
[2017-01-05 03:41:04] EDIT unwatercamera/views/default/report.html: 0
[2017-01-05 03:41:20] EDIT unwatercamera/views/default/report.html: 0
[2017-01-05 03:47:41] EDIT unwatercamera/modules/datamodel/basemodel.py: 0
[2017-01-05 03:48:10] EDIT unwatercamera/modules/basemodel.py: 0
[2017-01-05 03:48:19] EDIT unwatercamera/modules/handlers/base.py: 0
[2017-01-05 03:48:31] EDIT unwatercamera/modules/helpers/images.py: 0
[2017-01-05 03:48:40] EDIT unwatercamera/modules/myapp.py: 0
[2017-01-05 03:48:48] EDIT unwatercamera/modules/handlers/user.py: 0
[2017-01-05 03:48:58] EDIT unwatercamera/modules/handlers/user.py: 0
[2017-01-05 03:49:00] EDIT unwatercamera/modules/handlers/user.py: 0
[2017-01-05 03:49:56] EDIT unwatercamera/modules/plugin_ckeditor.py: 0
[2017-01-05 03:51:36] EDIT unwatercamera/modules/handlers/myapp.py: 0
[2017-01-05 03:51:50] EDIT unwatercamera/modules/handlers/myapp.py: 0
[2017-01-05 03:51:51] EDIT unwatercamera/modules/handlers/myapp.py: 0
[2017-01-05 03:52:06] EDIT unwatercamera/modules/basemodel.py: 0
[2017-01-05 03:52:09] EDIT unwatercamera/modules/plugin_ckeditor.py: 0
[2017-01-05 03:52:12] EDIT unwatercamera/modules/handlers/post.py: 0
[2017-01-05 03:52:44] EDIT unwatercamera/controllers/plugin_ckeditor.py: 0
[2017-01-05 03:52:54] EDIT unwatercamera/models/menu.py: 0
[2017-01-05 03:52:59] EDIT unwatercamera/controllers/appadmin.py: 0
[2017-01-05 03:53:08] EDIT unwatercamera/modules/datamodel/basemodel.py: 0
[2017-01-05 03:58:17] EDIT unwatercamera/views/default/report.html: 6
[2017-01-05 03:58:42] EDIT unwatercamera/views/default/report.html: 0
[2017-01-05 04:00:07] EDIT unwatercamera/views/default/report.html: 0
[2017-01-05 04:01:10] EDIT unwatercamera/views/default/report.html: 0
[2017-01-05 04:03:42] EDIT unwatercamera/views/default/report.html: 0
[2017-01-05 04:04:31] EDIT unwatercamera/views/default/report.html: 0
[2017-01-05 04:05:15] EDIT unwatercamera/views/default/report.html: 0
[2017-01-05 04:12:38] EDIT unwatercamera/views/default/report.html: 0
[2017-01-05 04:14:40] EDIT unwatercamera/views/default/report.html: 0
[2017-01-05 04:18:02] EDIT unwatercamera/views/footer.html: 0
[2017-01-05 04:27:12] EDIT unwatercamera/views/default/report.html: 12
[2017-01-05 04:27:50] EDIT unwatercamera/views/default/report.html: 0
[2017-01-05 04:28:25] EDIT unwatercamera/views/default/report.html: 0
[2017-01-05 04:39:24] EDIT unwatercamera/views/default/show.html: 0
